<?xml version="1.0" encoding="UTF-8"?>
<testng-results skipped="0" failed="0" ignored="0" total="0" passed="0">
  <reporter-output>
  </reporter-output>
  <suite name="com.baselib.Testnglistner" duration-ms="4" started-at="2019-10-02T17:59:08Z" finished-at="2019-10-02T17:59:08Z">
    <groups>
    </groups>
    <test name="Command line test" duration-ms="4" started-at="2019-10-02T17:59:08Z" finished-at="2019-10-02T17:59:08Z">
    </test> <!-- Command line test -->
  </suite> <!-- com.baselib.Testnglistner -->
</testng-results>
