<?xml version="1.0" encoding="UTF-8"?>
<testng-results skipped="0" failed="1" ignored="4" total="6" passed="1">
  <reporter-output>
  </reporter-output>
  <suite name="Default suite" duration-ms="105120" started-at="2019-10-04T19:36:49Z" finished-at="2019-10-04T19:38:34Z">
    <groups>
    </groups>
    <test name="Default test" duration-ms="105120" started-at="2019-10-04T19:36:49Z" finished-at="2019-10-04T19:38:34Z">
      <class name="com.testscript.SignIn">
        <test-method status="PASS" signature="setup()[pri:0, instance:com.testscript.SignIn@5ce81285]" name="setup" is-config="true" duration-ms="43113" started-at="2019-10-04T19:36:05Z" finished-at="2019-10-04T19:36:49Z">
          <reporter-output>
          </reporter-output>
        </test-method> <!-- setup -->
        <test-method status="PASS" signature="SigninPage()[pri:0, instance:com.testscript.SignIn@5ce81285]" name="SigninPage" duration-ms="15367" started-at="2019-10-04T19:36:49Z" finished-at="2019-10-04T19:37:04Z">
          <reporter-output>
          </reporter-output>
        </test-method> <!-- SigninPage -->
        <test-method status="PASS" signature="close()[pri:0, instance:com.testscript.SignIn@5ce81285]" name="close" is-config="true" duration-ms="2206" started-at="2019-10-04T19:38:34Z" finished-at="2019-10-04T19:38:36Z">
          <reporter-output>
          </reporter-output>
        </test-method> <!-- close -->
      </class> <!-- com.testscript.SignIn -->
      <class name="com.testscript.PurchaseProduct">
        <test-method status="FAIL" signature="Purchase()[pri:0, instance:com.testscript.PurchaseProduct@78c03f1f]" name="Purchase" duration-ms="89712" started-at="2019-10-04T19:37:04Z" finished-at="2019-10-04T19:38:34Z">
          <exception class="org.openqa.selenium.WebDriverException">
            <message>
              <![CDATA[An unknown server-side error occurred while processing the command. Original error: Could not proxy command to remote server. Original error: Error: socket hang up
Build info: version: '4.0.0-alpha-1', revision: 'd1d3728cae', time: '2019-04-24T13:42:21'
System info: host: 'Anands-MacBook-Air-2.local', ip: 'fe80:0:0:0:830:40d6:e2da:83d2%en0', os.name: 'Mac OS X', os.arch: 'x86_64', os.version: '10.14.6', java.version: '1.8.0_191'
Driver info: io.appium.java_client.android.AndroidDriver
Capabilities {app: /Users/Anand/Downloads/Arav..., appPackage: com.amazon.mShop.android.sh..., autoAcceptAlerts: true, automationName: uiautomator2, databaseEnabled: false, desired: {app: /Users/Anand/Downloads/Arav..., autoAcceptAlerts: true, automationName: uiautomator2, deviceName: Z54TK7WWMZ4TNRPV, fullReset: true, platformName: android, platformVersion: 9}, deviceApiLevel: 28, deviceManufacturer: OPPO, deviceModel: CPH1969, deviceName: Z54TK7WWMZ4TNRPV, deviceScreenDensity: 480, deviceScreenSize: 1080x2340, deviceUDID: Z54TK7WWMZ4TNRPV, fullReset: true, javascriptEnabled: true, locationContextEnabled: false, networkConnectionEnabled: true, pixelRatio: 3, platform: LINUX, platformName: Android, platformVersion: 9, statBarHeight: 84, takesScreenshot: true, viewportRect: {height: 2112, left: 0, top: 84, width: 1080}, warnings: {}, webStorageEnabled: false}
Session ID: 76a01f12-c76e-4202-bd50-d78b70e2fbfb
*** Element info: {Using=xpath, value=/hierarchy/android.widget.FrameLayout/android.widget.LinearLayout/android.widget.FrameLayout/android.support.v4.widget.DrawerLayout/android.widget.RelativeLayout/android.widget.RelativeLayout[2]/android.widget.RelativeLayout/android.widget.FrameLayout/android.widget.LinearLayout/android.widget.LinearLayout[2]/android.widget.ViewAnimator/android.view.ViewGroup/android.widget.FrameLayout/android.widget.FrameLayout/android.widget.RelativeLayout/android.widget.RelativeLayout/android.webkit.WebView/android.webkit.WebView/android.view.View/android.view.View/android.view.View/android.view.View/android.view.View/android.view.View/android.view.View[3]/android.view.View[2]/android.view.View[2]/android.view.View[1]}]]>
            </message>
            <full-stacktrace>
              <![CDATA[org.openqa.selenium.WebDriverException: An unknown server-side error occurred while processing the command. Original error: Could not proxy command to remote server. Original error: Error: socket hang up
Build info: version: '4.0.0-alpha-1', revision: 'd1d3728cae', time: '2019-04-24T13:42:21'
System info: host: 'Anands-MacBook-Air-2.local', ip: 'fe80:0:0:0:830:40d6:e2da:83d2%en0', os.name: 'Mac OS X', os.arch: 'x86_64', os.version: '10.14.6', java.version: '1.8.0_191'
Driver info: io.appium.java_client.android.AndroidDriver
Capabilities {app: /Users/Anand/Downloads/Arav..., appPackage: com.amazon.mShop.android.sh..., autoAcceptAlerts: true, automationName: uiautomator2, databaseEnabled: false, desired: {app: /Users/Anand/Downloads/Arav..., autoAcceptAlerts: true, automationName: uiautomator2, deviceName: Z54TK7WWMZ4TNRPV, fullReset: true, platformName: android, platformVersion: 9}, deviceApiLevel: 28, deviceManufacturer: OPPO, deviceModel: CPH1969, deviceName: Z54TK7WWMZ4TNRPV, deviceScreenDensity: 480, deviceScreenSize: 1080x2340, deviceUDID: Z54TK7WWMZ4TNRPV, fullReset: true, javascriptEnabled: true, locationContextEnabled: false, networkConnectionEnabled: true, pixelRatio: 3, platform: LINUX, platformName: Android, platformVersion: 9, statBarHeight: 84, takesScreenshot: true, viewportRect: {height: 2112, left: 0, top: 84, width: 1080}, warnings: {}, webStorageEnabled: false}
Session ID: 76a01f12-c76e-4202-bd50-d78b70e2fbfb
*** Element info: {Using=xpath, value=/hierarchy/android.widget.FrameLayout/android.widget.LinearLayout/android.widget.FrameLayout/android.support.v4.widget.DrawerLayout/android.widget.RelativeLayout/android.widget.RelativeLayout[2]/android.widget.RelativeLayout/android.widget.FrameLayout/android.widget.LinearLayout/android.widget.LinearLayout[2]/android.widget.ViewAnimator/android.view.ViewGroup/android.widget.FrameLayout/android.widget.FrameLayout/android.widget.RelativeLayout/android.widget.RelativeLayout/android.webkit.WebView/android.webkit.WebView/android.view.View/android.view.View/android.view.View/android.view.View/android.view.View/android.view.View/android.view.View[3]/android.view.View[2]/android.view.View[2]/android.view.View[1]}
at sun.reflect.NativeConstructorAccessorImpl.newInstance0(Native Method)
at sun.reflect.NativeConstructorAccessorImpl.newInstance(NativeConstructorAccessorImpl.java:62)
at sun.reflect.DelegatingConstructorAccessorImpl.newInstance(DelegatingConstructorAccessorImpl.java:45)
at java.lang.reflect.Constructor.newInstance(Constructor.java:423)
at org.openqa.selenium.remote.codec.w3c.W3CHttpResponseCodec.createException(W3CHttpResponseCodec.java:190)
at org.openqa.selenium.remote.codec.w3c.W3CHttpResponseCodec.decode(W3CHttpResponseCodec.java:124)
at org.openqa.selenium.remote.codec.w3c.W3CHttpResponseCodec.decode(W3CHttpResponseCodec.java:51)
at org.openqa.selenium.remote.HttpCommandExecutor.execute(HttpCommandExecutor.java:161)
at io.appium.java_client.remote.AppiumCommandExecutor.execute(AppiumCommandExecutor.java:239)
at org.openqa.selenium.remote.RemoteWebDriver.execute(RemoteWebDriver.java:577)
at org.openqa.selenium.remote.RemoteWebDriver.findElement(RemoteWebDriver.java:328)
at io.appium.java_client.DefaultGenericMobileDriver.findElement(DefaultGenericMobileDriver.java:61)
at io.appium.java_client.AppiumDriver.findElement(AppiumDriver.java:1)
at io.appium.java_client.android.AndroidDriver.findElement(AndroidDriver.java:1)
at org.openqa.selenium.remote.RemoteWebDriver.findElementByXPath(RemoteWebDriver.java:446)
at io.appium.java_client.DefaultGenericMobileDriver.findElementByXPath(DefaultGenericMobileDriver.java:151)
at io.appium.java_client.AppiumDriver.findElementByXPath(AppiumDriver.java:1)
at io.appium.java_client.android.AndroidDriver.findElementByXPath(AndroidDriver.java:1)
at org.openqa.selenium.By$ByXPath.findElement(By.java:353)
at org.openqa.selenium.remote.RemoteWebDriver.findElement(RemoteWebDriver.java:320)
at io.appium.java_client.DefaultGenericMobileDriver.findElement(DefaultGenericMobileDriver.java:57)
at io.appium.java_client.AppiumDriver.findElement(AppiumDriver.java:1)
at io.appium.java_client.android.AndroidDriver.findElement(AndroidDriver.java:1)
at com.testscript.PurchaseProduct.Purchase(PurchaseProduct.java:28)
at sun.reflect.NativeMethodAccessorImpl.invoke0(Native Method)
at sun.reflect.NativeMethodAccessorImpl.invoke(NativeMethodAccessorImpl.java:62)
at sun.reflect.DelegatingMethodAccessorImpl.invoke(DelegatingMethodAccessorImpl.java:43)
at java.lang.reflect.Method.invoke(Method.java:498)
at org.testng.internal.MethodInvocationHelper.invokeMethod(MethodInvocationHelper.java:124)
at org.testng.internal.Invoker.invokeMethod(Invoker.java:580)
at org.testng.internal.Invoker.invokeTestMethod(Invoker.java:716)
at org.testng.internal.Invoker.invokeTestMethods(Invoker.java:988)
at org.testng.internal.TestMethodWorker.invokeTestMethods(TestMethodWorker.java:125)
at org.testng.internal.TestMethodWorker.run(TestMethodWorker.java:109)
at org.testng.TestRunner.privateRun(TestRunner.java:648)
at org.testng.TestRunner.run(TestRunner.java:505)
at org.testng.SuiteRunner.runTest(SuiteRunner.java:455)
at org.testng.SuiteRunner.runSequentially(SuiteRunner.java:450)
at org.testng.SuiteRunner.privateRun(SuiteRunner.java:415)
at org.testng.SuiteRunner.run(SuiteRunner.java:364)
at org.testng.SuiteRunnerWorker.runSuite(SuiteRunnerWorker.java:52)
at org.testng.SuiteRunnerWorker.run(SuiteRunnerWorker.java:84)
at org.testng.TestNG.runSuitesSequentially(TestNG.java:1208)
at org.testng.TestNG.runSuitesLocally(TestNG.java:1137)
at org.testng.TestNG.runSuites(TestNG.java:1049)
at org.testng.TestNG.run(TestNG.java:1017)
at org.testng.remote.AbstractRemoteTestNG.run(AbstractRemoteTestNG.java:114)
at org.testng.remote.RemoteTestNG.initAndRun(RemoteTestNG.java:251)
at org.testng.remote.RemoteTestNG.main(RemoteTestNG.java:77)
]]>
            </full-stacktrace>
          </exception> <!-- org.openqa.selenium.WebDriverException -->
          <reporter-output>
          </reporter-output>
        </test-method> <!-- Purchase -->
      </class> <!-- com.testscript.PurchaseProduct -->
    </test> <!-- Default test -->
  </suite> <!-- Default suite -->
</testng-results>
